{
"contracts\\TimberSupplyChain.sol":{"l":{"130":1,"152":4,"154":3,"155":3,"157":3,"169":3,"182":5,"184":4,"187":3,"189":3,"190":3,"192":3,"201":3,"218":6,"219":5,"221":4,"224":3,"226":3,"227":3,"229":3,"239":3,"248":6,"253":6,"258":3,"263":3,"268":3,"273":3},"path":"C:\\Users\\KIIT0001\\Desktop\\Timber_traceability\\contracts\\contracts\\TimberSupplyChain.sol","s":{"1":1,"2":4,"3":3,"4":3,"5":5,"6":4,"7":3,"8":3,"9":6,"10":5,"11":4,"12":3,"13":3,"14":6,"15":6,"16":3,"17":3,"18":3,"19":3},"b":{"1":[4,1],"2":[3,1],"3":[5,1],"4":[4,1],"5":[3,1],"6":[6,0],"7":[5,1],"8":[4,1],"9":[3,1]},"f":{"1":1,"2":4,"3":5,"4":6,"5":6,"6":6,"7":3,"8":3,"9":3,"10":3},"fnMap":{"1":{"name":"constructor","line":129,"loc":{"start":{"line":129,"column":4},"end":{"line":131,"column":4}}},"2":{"name":"registerLot","line":151,"loc":{"start":{"line":145,"column":4},"end":{"line":170,"column":4}}},"3":{"name":"purchaseWood","line":181,"loc":{"start":{"line":178,"column":4},"end":{"line":202,"column":4}}},"4":{"name":"createFurniture","line":217,"loc":{"start":{"line":212,"column":4},"end":{"line":240,"column":4}}},"5":{"name":"getLot","line":247,"loc":{"start":{"line":247,"column":4},"end":{"line":249,"column":4}}},"6":{"name":"getBatch","line":252,"loc":{"start":{"line":252,"column":4},"end":{"line":254,"column":4}}},"7":{"name":"getFurniture","line":257,"loc":{"start":{"line":257,"column":4},"end":{"line":259,"column":4}}},"8":{"name":"getLotCount","line":262,"loc":{"start":{"line":262,"column":4},"end":{"line":264,"column":4}}},"9":{"name":"getBatchCount","line":267,"loc":{"start":{"line":267,"column":4},"end":{"line":269,"column":4}}},"10":{"name":"getFurnitureCount","line":272,"loc":{"start":{"line":272,"column":4},"end":{"line":274,"column":4}}}},"statementMap":{"1":{"start":{"line":130,"column":8},"end":{"line":130,"column":49}},"2":{"start":{"line":152,"column":8},"end":{"line":152,"column":42}},"3":{"start":{"line":155,"column":8},"end":{"line":155,"column":35}},"4":{"start":{"line":169,"column":8},"end":{"line":169,"column":67}},"5":{"start":{"line":182,"column":8},"end":{"line":182,"column":42}},"6":{"start":{"line":184,"column":8},"end":{"line":184,"column":76}},"7":{"start":{"line":190,"column":8},"end":{"line":190,"column":39}},"8":{"start":{"line":201,"column":8},"end":{"line":201,"column":76}},"9":{"start":{"line":218,"column":8},"end":{"line":218,"column":71}},"10":{"start":{"line":219,"column":8},"end":{"line":219,"column":42}},"11":{"start":{"line":221,"column":8},"end":{"line":221,"column":83}},"12":{"start":{"line":227,"column":8},"end":{"line":227,"column":47}},"13":{"start":{"line":239,"column":8},"end":{"line":239,"column":100}},"14":{"start":{"line":248,"column":8},"end":{"line":248,"column":23}},"15":{"start":{"line":253,"column":8},"end":{"line":253,"column":26}},"16":{"start":{"line":258,"column":8},"end":{"line":258,"column":29}},"17":{"start":{"line":263,"column":8},"end":{"line":263,"column":26}},"18":{"start":{"line":268,"column":8},"end":{"line":268,"column":28}},"19":{"start":{"line":273,"column":8},"end":{"line":273,"column":32}}},"branchMap":{"1":{"line":151,"type":"if","locations":[{"start":{"line":151,"column":15},"end":{"line":151,"column":15}},{"start":{"line":151,"column":15},"end":{"line":151,"column":15}}]},"2":{"line":152,"type":"if","locations":[{"start":{"line":152,"column":8},"end":{"line":152,"column":8}},{"start":{"line":152,"column":8},"end":{"line":152,"column":8}}]},"3":{"line":181,"type":"if","locations":[{"start":{"line":181,"column":15},"end":{"line":181,"column":15}},{"start":{"line":181,"column":15},"end":{"line":181,"column":15}}]},"4":{"line":182,"type":"if","locations":[{"start":{"line":182,"column":8},"end":{"line":182,"column":8}},{"start":{"line":182,"column":8},"end":{"line":182,"column":8}}]},"5":{"line":184,"type":"if","locations":[{"start":{"line":184,"column":8},"end":{"line":184,"column":8}},{"start":{"line":184,"column":8},"end":{"line":184,"column":8}}]},"6":{"line":217,"type":"if","locations":[{"start":{"line":217,"column":15},"end":{"line":217,"column":15}},{"start":{"line":217,"column":15},"end":{"line":217,"column":15}}]},"7":{"line":218,"type":"if","locations":[{"start":{"line":218,"column":8},"end":{"line":218,"column":8}},{"start":{"line":218,"column":8},"end":{"line":218,"column":8}}]},"8":{"line":219,"type":"if","locations":[{"start":{"line":219,"column":8},"end":{"line":219,"column":8}},{"start":{"line":219,"column":8},"end":{"line":219,"column":8}}]},"9":{"line":221,"type":"if","locations":[{"start":{"line":221,"column":8},"end":{"line":221,"column":8}},{"start":{"line":221,"column":8},"end":{"line":221,"column":8}}]}}}}
