TN:
SF:C:\Users\KIIT0001\Desktop\Timber_traceability\contracts\contracts\TimberSupplyChain.sol
FN:129,constructor
FN:151,registerLot
FN:181,purchaseWood
FN:217,createFurniture
FN:247,getLot
FN:252,getBatch
FN:257,getFurniture
FN:262,getLotCount
FN:267,getBatchCount
FN:272,getFurnitureCount
FNF:10
FNH:10
FNDA:1,constructor
FNDA:4,registerLot
FNDA:5,purchaseWood
FNDA:6,createFurniture
FNDA:6,getLot
FNDA:6,getBatch
FNDA:3,getFurniture
FNDA:3,getLotCount
FNDA:3,getBatchCount
FNDA:3,getFurnitureCount
DA:130,1
DA:152,4
DA:154,3
DA:155,3
DA:157,3
DA:169,3
DA:182,5
DA:184,4
DA:187,3
DA:189,3
DA:190,3
DA:192,3
DA:201,3
DA:218,6
DA:219,5
DA:221,4
DA:224,3
DA:226,3
DA:227,3
DA:229,3
DA:239,3
DA:248,6
DA:253,6
DA:258,3
DA:263,3
DA:268,3
DA:273,3
LF:27
LH:27
BRDA:151,1,0,4
BRDA:151,1,1,1
BRDA:152,2,0,3
BRDA:152,2,1,1
BRDA:181,3,0,5
BRDA:181,3,1,1
BRDA:182,4,0,4
BRDA:182,4,1,1
BRDA:184,5,0,3
BRDA:184,5,1,1
BRDA:217,6,0,6
BRDA:217,6,1,0
BRDA:218,7,0,5
BRDA:218,7,1,1
BRDA:219,8,0,4
BRDA:219,8,1,1
BRDA:221,9,0,3
BRDA:221,9,1,1
BRF:18
BRH:17
end_of_record
